2026-02-08 09:53:45 | __main__ | INFO     | Probando conexión a BD...
2026-02-08 09:56:30 | __main__ | INFO     | Probando conexión a BD...
2026-02-08 09:57:43 | __main__ | INFO     | Probando conexión a BD...
2026-02-08 10:02:46 | app.views.inventario_view | DEBUG    | UI construida correctamente
2026-02-08 10:02:46 | app.views.inventario_view | INFO     | InventarioView montada
2026-02-08 10:02:46 | app.views.inventario_view | INFO     | Cargando categorías...
2026-02-08 10:02:46 | app.views.inventario_view | WARNING  | No hay categorías en la base de datos
2026-02-08 10:02:56 | app.views.inventario_view | INFO     | InventarioView montada
2026-02-08 10:02:56 | app.views.inventario_view | INFO     | Cargando categorías...
2026-02-08 10:02:56 | app.views.inventario_view | WARNING  | No hay categorías en la base de datos
2026-02-08 10:03:02 | app.views.inventario_view | INFO     | Cargando categorías...
2026-02-08 10:03:02 | app.views.inventario_view | WARNING  | No hay categorías en la base de datos
2026-02-08 10:14:16 | __main__ | INFO     | Probando conexión a BD...
2026-02-08 10:15:49 | app.views.inventario_view | DEBUG    | UI construida correctamente
2026-02-08 10:15:49 | app.views.inventario_view | INFO     | InventarioView montada
2026-02-08 10:15:49 | app.views.inventario_view | INFO     | Cargando categorías...
2026-02-08 10:15:49 | app.views.inventario_view | ERROR    | Error inesperado al cargar categorías: (sqlite3.OperationalError) no such table: categorias
[SQL: SELECT categorias.id AS categorias_id, categorias.nombre AS categorias_nombre, categorias.descripcion AS categorias_descripcion, categorias.imagen AS categorias_imagen, categorias.color AS categorias_color, categorias.activo AS categorias_activo, categorias.created_at AS categorias_created_at, categorias.updated_at AS categorias_updated_at 
FROM categorias]
(Background on this error at: https://sqlalche.me/e/20/e3q8)
Traceback (most recent call last):
  File "C:\Users\ALMACEN\AppData\Local\Programs\Python\Python311\Lib\site-packages\sqlalchemy\engine\base.py", line 1969, in _exec_single_context
    self.dialect.do_execute(
  File "C:\Users\ALMACEN\AppData\Local\Programs\Python\Python311\Lib\site-packages\sqlalchemy\engine\default.py", line 922, in do_execute
    cursor.execute(statement, parameters)
sqlite3.OperationalError: no such table: categorias

The above exception was the direct cause of the following exception:

Traceback (most recent call last):
  File "C:\Users\ALMACEN\Desktop\SUBLIME PROYECTO\control-entradas-salidas-main\app\views\inventario_view.py", line 118, in _load_categorias
    categorias = db.query(Categoria).all()
                 ^^^^^^^^^^^^^^^^^^^^^^^^^
  File "C:\Users\ALMACEN\AppData\Local\Programs\Python\Python311\Lib\site-packages\sqlalchemy\orm\query.py", line 2693, in all
    return self._iter().all()  # type: ignore
           ^^^^^^^^^^^^
  File "C:\Users\ALMACEN\AppData\Local\Programs\Python\Python311\Lib\site-packages\sqlalchemy\orm\query.py", line 2847, in _iter
    result: Union[ScalarResult[_T], Result[_T]] = self.session.execute(
                                                  ^^^^^^^^^^^^^^^^^^^^^
  File "C:\Users\ALMACEN\AppData\Local\Programs\Python\Python311\Lib\site-packages\sqlalchemy\orm\session.py", line 2308, in execute
    return self._execute_internal(
           ^^^^^^^^^^^^^^^^^^^^^^^
  File "C:\Users\ALMACEN\AppData\Local\Programs\Python\Python311\Lib\site-packages\sqlalchemy\orm\session.py", line 2190, in _execute_internal
    result: Result[Any] = compile_state_cls.orm_execute_statement(
                          ^^^^^^^^^^^^^^^^^^^^^^^^^^^^^^^^^^^^^^^^
  File "C:\Users\ALMACEN\AppData\Local\Programs\Python\Python311\Lib\site-packages\sqlalchemy\orm\context.py", line 293, in orm_execute_statement
    result = conn.execute(
             ^^^^^^^^^^^^^
  File "C:\Users\ALMACEN\AppData\Local\Programs\Python\Python311\Lib\site-packages\sqlalchemy\engine\base.py", line 1416, in execute
    return meth(
           ^^^^^
  File "C:\Users\ALMACEN\AppData\Local\Programs\Python\Python311\Lib\site-packages\sqlalchemy\sql\elements.py", line 517, in _execute_on_connection
    return connection._execute_clauseelement(
           ^^^^^^^^^^^^^^^^^^^^^^^^^^^^^^^^^^
  File "C:\Users\ALMACEN\AppData\Local\Programs\Python\Python311\Lib\site-packages\sqlalchemy\engine\base.py", line 1639, in _execute_clauseelement
    ret = self._execute_context(
          ^^^^^^^^^^^^^^^^^^^^^^
  File "C:\Users\ALMACEN\AppData\Local\Programs\Python\Python311\Lib\site-packages\sqlalchemy\engine\base.py", line 1848, in _execute_context
    return self._exec_single_context(
           ^^^^^^^^^^^^^^^^^^^^^^^^^^
  File "C:\Users\ALMACEN\AppData\Local\Programs\Python\Python311\Lib\site-packages\sqlalchemy\engine\base.py", line 1988, in _exec_single_context
    self._handle_dbapi_exception(
  File "C:\Users\ALMACEN\AppData\Local\Programs\Python\Python311\Lib\site-packages\sqlalchemy\engine\base.py", line 2344, in _handle_dbapi_exception
    raise sqlalchemy_exception.with_traceback(exc_info[2]) from e
  File "C:\Users\ALMACEN\AppData\Local\Programs\Python\Python311\Lib\site-packages\sqlalchemy\engine\base.py", line 1969, in _exec_single_context
    self.dialect.do_execute(
  File "C:\Users\ALMACEN\AppData\Local\Programs\Python\Python311\Lib\site-packages\sqlalchemy\engine\default.py", line 922, in do_execute
    cursor.execute(statement, parameters)
sqlalchemy.exc.OperationalError: (sqlite3.OperationalError) no such table: categorias
[SQL: SELECT categorias.id AS categorias_id, categorias.nombre AS categorias_nombre, categorias.descripcion AS categorias_descripcion, categorias.imagen AS categorias_imagen, categorias.color AS categorias_color, categorias.activo AS categorias_activo, categorias.created_at AS categorias_created_at, categorias.updated_at AS categorias_updated_at 
FROM categorias]
(Background on this error at: https://sqlalche.me/e/20/e3q8)
2026-02-08 10:15:51 | app.views.inventario_view | ERROR    | Error mostrado al usuario: Error al cargar categorías: (sqlite3.OperationalError) no such table: categori
2026-02-08 10:20:09 | app.views.inventario_view | DEBUG    | UI construida correctamente
2026-02-08 10:20:09 | app.views.inventario_view | INFO     | InventarioView montada
2026-02-08 10:20:09 | app.views.inventario_view | INFO     | Cargando categorías...
2026-02-08 10:20:09 | app.views.inventario_view | ERROR    | Error inesperado al cargar categorías: (pg8000.exceptions.InterfaceError) Can't create a connection to host db.uyyyveojjvbxhuhbnype.supabase.co and port 5432 (timeout is None and source_address is None).
(Background on this error at: https://sqlalche.me/e/20/rvf5)
Traceback (most recent call last):
  File "C:\Users\ALMACEN\AppData\Local\Programs\Python\Python311\Lib\site-packages\pg8000\core.py", line 204, in _make_socket
    sock = socket.create_connection((host, port), timeout, source_address)
           ^^^^^^^^^^^^^^^^^^^^^^^^^^^^^^^^^^^^^^^^^^^^^^^^^^^^^^^^^^^^^^^
  File "C:\Users\ALMACEN\AppData\Local\Programs\Python\Python311\Lib\socket.py", line 826, in create_connection
    for res in getaddrinfo(host, port, 0, SOCK_STREAM):
               ^^^^^^^^^^^^^^^^^^^^^^^^^^^^^^^^^^^^^^^
  File "C:\Users\ALMACEN\AppData\Local\Programs\Python\Python311\Lib\socket.py", line 961, in getaddrinfo
    for res in _socket.getaddrinfo(host, port, family, type, proto, flags):
               ^^^^^^^^^^^^^^^^^^^^^^^^^^^^^^^^^^^^^^^^^^^^^^^^^^^^^^^^^^^
socket.gaierror: [Errno 11001] getaddrinfo failed

The above exception was the direct cause of the following exception:

Traceback (most recent call last):
  File "C:\Users\ALMACEN\AppData\Local\Programs\Python\Python311\Lib\site-packages\sqlalchemy\engine\base.py", line 145, in __init__
    self._dbapi_connection = engine.raw_connection()
                             ^^^^^^^^^^^^^^^^^^^^^^^
  File "C:\Users\ALMACEN\AppData\Local\Programs\Python\Python311\Lib\site-packages\sqlalchemy\engine\base.py", line 3293, in raw_connection
    return self.pool.connect()
           ^^^^^^^^^^^^^^^^^^^
  File "C:\Users\ALMACEN\AppData\Local\Programs\Python\Python311\Lib\site-packages\sqlalchemy\pool\base.py", line 452, in connect
    return _ConnectionFairy._checkout(self)
           ^^^^^^^^^^^^^^^^^^^^^^^^^^^^^^^^
  File "C:\Users\ALMACEN\AppData\Local\Programs\Python\Python311\Lib\site-packages\sqlalchemy\pool\base.py", line 1269, in _checkout
    fairy = _ConnectionRecord.checkout(pool)
            ^^^^^^^^^^^^^^^^^^^^^^^^^^^^^^^^
  File "C:\Users\ALMACEN\AppData\Local\Programs\Python\Python311\Lib\site-packages\sqlalchemy\pool\base.py", line 716, in checkout
    rec = pool._do_get()
          ^^^^^^^^^^^^^^
  File "C:\Users\ALMACEN\AppData\Local\Programs\Python\Python311\Lib\site-packages\sqlalchemy\pool\impl.py", line 169, in _do_get
    with util.safe_reraise():
  File "C:\Users\ALMACEN\AppData\Local\Programs\Python\Python311\Lib\site-packages\sqlalchemy\util\langhelpers.py", line 146, in __exit__
    raise exc_value.with_traceback(exc_tb)
  File "C:\Users\ALMACEN\AppData\Local\Programs\Python\Python311\Lib\site-packages\sqlalchemy\pool\impl.py", line 167, in _do_get
    return self._create_connection()
           ^^^^^^^^^^^^^^^^^^^^^^^^^
  File "C:\Users\ALMACEN\AppData\Local\Programs\Python\Python311\Lib\site-packages\sqlalchemy\pool\base.py", line 393, in _create_connection
    return _ConnectionRecord(self)
           ^^^^^^^^^^^^^^^^^^^^^^^
  File "C:\Users\ALMACEN\AppData\Local\Programs\Python\Python311\Lib\site-packages\sqlalchemy\pool\base.py", line 678, in __init__
    self.__connect()
  File "C:\Users\ALMACEN\AppData\Local\Programs\Python\Python311\Lib\site-packages\sqlalchemy\pool\base.py", line 902, in __connect
    with util.safe_reraise():
  File "C:\Users\ALMACEN\AppData\Local\Programs\Python\Python311\Lib\site-packages\sqlalchemy\util\langhelpers.py", line 146, in __exit__
    raise exc_value.with_traceback(exc_tb)
  File "C:\Users\ALMACEN\AppData\Local\Programs\Python\Python311\Lib\site-packages\sqlalchemy\pool\base.py", line 898, in __connect
    self.dbapi_connection = connection = pool._invoke_creator(self)
                                         ^^^^^^^^^^^^^^^^^^^^^^^^^^
  File "C:\Users\ALMACEN\AppData\Local\Programs\Python\Python311\Lib\site-packages\sqlalchemy\engine\create.py", line 645, in connect
    return dialect.connect(*cargs, **cparams)
           ^^^^^^^^^^^^^^^^^^^^^^^^^^^^^^^^^^
  File "C:\Users\ALMACEN\AppData\Local\Programs\Python\Python311\Lib\site-packages\sqlalchemy\engine\default.py", line 616, in connect
    return self.loaded_dbapi.connect(*cargs, **cparams)
           ^^^^^^^^^^^^^^^^^^^^^^^^^^^^^^^^^^^^^^^^^^^^
  File "C:\Users\ALMACEN\AppData\Local\Programs\Python\Python311\Lib\site-packages\pg8000\__init__.py", line 112, in connect
    return Connection(
           ^^^^^^^^^^^
  File "C:\Users\ALMACEN\AppData\Local\Programs\Python\Python311\Lib\site-packages\pg8000\legacy.py", line 445, in __init__
    super().__init__(*args, **kwargs)
  File "C:\Users\ALMACEN\AppData\Local\Programs\Python\Python311\Lib\site-packages\pg8000\core.py", line 328, in __init__
    self.channel_binding, self._usock = _make_socket(
                                        ^^^^^^^^^^^^^
  File "C:\Users\ALMACEN\AppData\Local\Programs\Python\Python311\Lib\site-packages\pg8000\core.py", line 206, in _make_socket
    raise InterfaceError(
pg8000.exceptions.InterfaceError: Can't create a connection to host db.uyyyveojjvbxhuhbnype.supabase.co and port 5432 (timeout is None and source_address is None).

The above exception was the direct cause of the following exception:

Traceback (most recent call last):
  File "C:\Users\ALMACEN\Desktop\SUBLIME PROYECTO\control-entradas-salidas-main\app\views\inventario_view.py", line 118, in _load_categorias
    categorias = db.query(Categoria).all()
                 ^^^^^^^^^^^^^^^^^^^^^^^^^
  File "C:\Users\ALMACEN\AppData\Local\Programs\Python\Python311\Lib\site-packages\sqlalchemy\orm\query.py", line 2693, in all
    return self._iter().all()  # type: ignore
           ^^^^^^^^^^^^
  File "C:\Users\ALMACEN\AppData\Local\Programs\Python\Python311\Lib\site-packages\sqlalchemy\orm\query.py", line 2847, in _iter
    result: Union[ScalarResult[_T], Result[_T]] = self.session.execute(
                                                  ^^^^^^^^^^^^^^^^^^^^^
  File "C:\Users\ALMACEN\AppData\Local\Programs\Python\Python311\Lib\site-packages\sqlalchemy\orm\session.py", line 2308, in execute
    return self._execute_internal(
           ^^^^^^^^^^^^^^^^^^^^^^^
  File "C:\Users\ALMACEN\AppData\Local\Programs\Python\Python311\Lib\site-packages\sqlalchemy\orm\session.py", line 2180, in _execute_internal
    conn = self._connection_for_bind(bind)
           ^^^^^^^^^^^^^^^^^^^^^^^^^^^^^^^
  File "C:\Users\ALMACEN\AppData\Local\Programs\Python\Python311\Lib\site-packages\sqlalchemy\orm\session.py", line 2047, in _connection_for_bind
    return trans._connection_for_bind(engine, execution_options)
           ^^^^^^^^^^^^^^^^^^^^^^^^^^^^^^^^^^^^^^^^^^^^^^^^^^^^^
  File "<string>", line 2, in _connection_for_bind
  File "C:\Users\ALMACEN\AppData\Local\Programs\Python\Python311\Lib\site-packages\sqlalchemy\orm\state_changes.py", line 139, in _go
    ret_value = fn(self, *arg, **kw)
                ^^^^^^^^^^^^^^^^^^^^
  File "C:\Users\ALMACEN\AppData\Local\Programs\Python\Python311\Lib\site-packages\sqlalchemy\orm\session.py", line 1143, in _connection_for_bind
    conn = bind.connect()
           ^^^^^^^^^^^^^^
  File "C:\Users\ALMACEN\AppData\Local\Programs\Python\Python311\Lib\site-packages\sqlalchemy\engine\base.py", line 3269, in connect
    return self._connection_cls(self)
           ^^^^^^^^^^^^^^^^^^^^^^^^^^
  File "C:\Users\ALMACEN\AppData\Local\Programs\Python\Python311\Lib\site-packages\sqlalchemy\engine\base.py", line 147, in __init__
    Connection._handle_dbapi_exception_noconnection(
  File "C:\Users\ALMACEN\AppData\Local\Programs\Python\Python311\Lib\site-packages\sqlalchemy\engine\base.py", line 2431, in _handle_dbapi_exception_noconnection
    raise sqlalchemy_exception.with_traceback(exc_info[2]) from e
  File "C:\Users\ALMACEN\AppData\Local\Programs\Python\Python311\Lib\site-packages\sqlalchemy\engine\base.py", line 145, in __init__
    self._dbapi_connection = engine.raw_connection()
                             ^^^^^^^^^^^^^^^^^^^^^^^
  File "C:\Users\ALMACEN\AppData\Local\Programs\Python\Python311\Lib\site-packages\sqlalchemy\engine\base.py", line 3293, in raw_connection
    return self.pool.connect()
           ^^^^^^^^^^^^^^^^^^^
  File "C:\Users\ALMACEN\AppData\Local\Programs\Python\Python311\Lib\site-packages\sqlalchemy\pool\base.py", line 452, in connect
    return _ConnectionFairy._checkout(self)
           ^^^^^^^^^^^^^^^^^^^^^^^^^^^^^^^^
  File "C:\Users\ALMACEN\AppData\Local\Programs\Python\Python311\Lib\site-packages\sqlalchemy\pool\base.py", line 1269, in _checkout
    fairy = _ConnectionRecord.checkout(pool)
            ^^^^^^^^^^^^^^^^^^^^^^^^^^^^^^^^
  File "C:\Users\ALMACEN\AppData\Local\Programs\Python\Python311\Lib\site-packages\sqlalchemy\pool\base.py", line 716, in checkout
    rec = pool._do_get()
          ^^^^^^^^^^^^^^
  File "C:\Users\ALMACEN\AppData\Local\Programs\Python\Python311\Lib\site-packages\sqlalchemy\pool\impl.py", line 169, in _do_get
    with util.safe_reraise():
  File "C:\Users\ALMACEN\AppData\Local\Programs\Python\Python311\Lib\site-packages\sqlalchemy\util\langhelpers.py", line 146, in __exit__
    raise exc_value.with_traceback(exc_tb)
  File "C:\Users\ALMACEN\AppData\Local\Programs\Python\Python311\Lib\site-packages\sqlalchemy\pool\impl.py", line 167, in _do_get
    return self._create_connection()
           ^^^^^^^^^^^^^^^^^^^^^^^^^
  File "C:\Users\ALMACEN\AppData\Local\Programs\Python\Python311\Lib\site-packages\sqlalchemy\pool\base.py", line 393, in _create_connection
    return _ConnectionRecord(self)
           ^^^^^^^^^^^^^^^^^^^^^^^
  File "C:\Users\ALMACEN\AppData\Local\Programs\Python\Python311\Lib\site-packages\sqlalchemy\pool\base.py", line 678, in __init__
    self.__connect()
  File "C:\Users\ALMACEN\AppData\Local\Programs\Python\Python311\Lib\site-packages\sqlalchemy\pool\base.py", line 902, in __connect
    with util.safe_reraise():
  File "C:\Users\ALMACEN\AppData\Local\Programs\Python\Python311\Lib\site-packages\sqlalchemy\util\langhelpers.py", line 146, in __exit__
    raise exc_value.with_traceback(exc_tb)
  File "C:\Users\ALMACEN\AppData\Local\Programs\Python\Python311\Lib\site-packages\sqlalchemy\pool\base.py", line 898, in __connect
    self.dbapi_connection = connection = pool._invoke_creator(self)
                                         ^^^^^^^^^^^^^^^^^^^^^^^^^^
  File "C:\Users\ALMACEN\AppData\Local\Programs\Python\Python311\Lib\site-packages\sqlalchemy\engine\create.py", line 645, in connect
    return dialect.connect(*cargs, **cparams)
           ^^^^^^^^^^^^^^^^^^^^^^^^^^^^^^^^^^
  File "C:\Users\ALMACEN\AppData\Local\Programs\Python\Python311\Lib\site-packages\sqlalchemy\engine\default.py", line 616, in connect
    return self.loaded_dbapi.connect(*cargs, **cparams)
           ^^^^^^^^^^^^^^^^^^^^^^^^^^^^^^^^^^^^^^^^^^^^
  File "C:\Users\ALMACEN\AppData\Local\Programs\Python\Python311\Lib\site-packages\pg8000\__init__.py", line 112, in connect
    return Connection(
           ^^^^^^^^^^^
  File "C:\Users\ALMACEN\AppData\Local\Programs\Python\Python311\Lib\site-packages\pg8000\legacy.py", line 445, in __init__
    super().__init__(*args, **kwargs)
  File "C:\Users\ALMACEN\AppData\Local\Programs\Python\Python311\Lib\site-packages\pg8000\core.py", line 328, in __init__
    self.channel_binding, self._usock = _make_socket(
                                        ^^^^^^^^^^^^^
  File "C:\Users\ALMACEN\AppData\Local\Programs\Python\Python311\Lib\site-packages\pg8000\core.py", line 206, in _make_socket
    raise InterfaceError(
sqlalchemy.exc.InterfaceError: (pg8000.exceptions.InterfaceError) Can't create a connection to host db.uyyyveojjvbxhuhbnype.supabase.co and port 5432 (timeout is None and source_address is None).
(Background on this error at: https://sqlalche.me/e/20/rvf5)
2026-02-08 10:20:11 | app.views.inventario_view | ERROR    | Error mostrado al usuario: Error al cargar categorías: (pg8000.exceptions.InterfaceError) Can't create a 
2026-02-08 10:28:36 | __main__ | INFO     | Probando conexión a BD...
2026-02-08 10:31:06 | __main__ | INFO     | Probando conexión a BD...
2026-02-08 10:52:06 | __main__ | INFO     | Probando conexión a BD...
2026-02-08 10:53:25 | __main__ | INFO     | Probando conexión a BD...
2026-02-08 10:54:43 | app.views.inventario_view | DEBUG    | UI construida correctamente
2026-02-08 10:54:43 | app.views.inventario_view | INFO     | InventarioView montada
2026-02-08 10:54:43 | app.views.inventario_view | INFO     | Cargando categorías...
2026-02-08 10:54:46 | app.views.inventario_view | WARNING  | No hay categorías en la base de datos
2026-02-08 10:55:22 | app.views.inventario_view | INFO     | InventarioView montada
2026-02-08 10:55:22 | app.views.inventario_view | INFO     | Cargando categorías...
2026-02-08 10:55:22 | app.views.inventario_view | WARNING  | No hay categorías en la base de datos
2026-02-08 10:55:30 | app.views.inventario_view | INFO     | InventarioView montada
2026-02-08 10:55:30 | app.views.inventario_view | INFO     | Cargando categorías...
2026-02-08 10:55:30 | app.views.inventario_view | WARNING  | No hay categorías en la base de datos
2026-02-08 10:55:53 | app.views.inventario_view | INFO     | InventarioView montada
2026-02-08 10:55:53 | app.views.inventario_view | INFO     | Cargando categorías...
2026-02-08 10:55:53 | app.views.inventario_view | INFO     | Se cargaron 1 categorías
2026-02-08 10:55:59 | app.views.inventario_view | INFO     | Cargando categorías...
2026-02-08 10:55:59 | app.views.inventario_view | INFO     | Se cargaron 1 categorías
2026-02-08 10:56:02 | app.views.inventario_view | INFO     | InventarioView montada
2026-02-08 10:56:02 | app.views.inventario_view | INFO     | Cargando categorías...
2026-02-08 10:56:02 | app.views.inventario_view | INFO     | Se cargaron 1 categorías
2026-02-08 10:56:07 | app.views.inventario_view | INFO     | InventarioView montada
2026-02-08 10:56:07 | app.views.inventario_view | INFO     | Cargando categorías...
2026-02-08 10:56:07 | app.views.inventario_view | INFO     | Se cargaron 1 categorías
2026-02-08 11:00:52 | app.views.inventario_view | DEBUG    | UI construida correctamente
2026-02-08 11:00:52 | app.views.inventario_view | INFO     | InventarioView montada
2026-02-08 11:00:52 | app.views.inventario_view | INFO     | Cargando categorías...
2026-02-08 11:01:11 | app.views.inventario_view | INFO     | Se cargaron 1 categorías
2026-02-08 11:01:19 | app.views.inventario_view | INFO     | InventarioView montada
2026-02-08 11:01:19 | app.views.inventario_view | INFO     | Cargando categorías...
2026-02-08 11:01:19 | app.views.inventario_view | INFO     | Se cargaron 1 categorías
2026-02-08 11:01:25 | app.views.inventario_view | INFO     | InventarioView montada
2026-02-08 11:01:25 | app.views.inventario_view | INFO     | Cargando categorías...
2026-02-08 11:01:25 | app.views.inventario_view | INFO     | Se cargaron 1 categorías
2026-02-08 11:08:37 | app.views.inventario_view | DEBUG    | UI construida correctamente
2026-02-08 11:08:38 | app.views.inventario_view | INFO     | InventarioView montada
2026-02-08 11:08:38 | app.views.inventario_view | INFO     | Cargando categorías...
2026-02-08 11:08:40 | app.views.inventario_view | INFO     | Se cargaron 1 categorías
2026-02-08 11:15:05 | app.views.inventario_view | DEBUG    | UI construida correctamente
2026-02-08 11:15:05 | app.views.inventario_view | INFO     | InventarioView montada
2026-02-08 11:15:05 | app.views.inventario_view | INFO     | Cargando categorías...
2026-02-08 11:15:26 | app.views.inventario_view | INFO     | Se cargaron 1 categorías
2026-02-08 11:15:45 | app.views.inventario_view | INFO     | InventarioView montada
2026-02-08 11:15:45 | app.views.inventario_view | INFO     | Cargando categorías...
2026-02-08 11:15:45 | app.views.inventario_view | INFO     | Se cargaron 1 categorías
2026-02-08 11:16:03 | app.views.inventario_view | DEBUG    | UI construida correctamente
2026-02-08 11:16:03 | app.views.inventario_view | INFO     | InventarioView montada
2026-02-08 11:16:03 | app.views.inventario_view | INFO     | Cargando categorías...
2026-02-08 11:16:03 | app.views.inventario_view | INFO     | Se cargaron 1 categorías
